<?xml version="1.0" encoding="UTF-8"?>
<!-- Generated by org.testng.reporters.JUnitXMLReporter -->
<testsuite ignored="0" hostname="TVDI-018" failures="1" tests="1" name="Test" time="0.124" errors="0" timestamp="2023-11-23T14:00:20 IST">
  <testcase classname="org.Testcases.LoginTest" name="loginpage" time="0.016">
    <failure type="java.lang.NullPointerException" message="Cannot invoke &amp;quot;com.microsoft.playwright.Page.fill(String, String)&amp;quot; because &amp;quot;this.page&amp;quot; is null">
      <![CDATA[java.lang.NullPointerException: Cannot invoke "com.microsoft.playwright.Page.fill(String, String)" because "this.page" is null
at org.BaseClass.BassClass.login(BassClass.java:93)
at org.Testcases.LoginTest.loginpage(LoginTest.java:10)
at java.base/java.util.ArrayList.forEach(ArrayList.java:1511)
... Removed 27 stack frames]]>
    </failure>
  </testcase> <!-- loginpage -->
</testsuite> <!-- Test -->
