<?xml version="1.0" encoding="UTF-8"?>
<testng-results ignored="0" total="1" passed="1" failed="0" skipped="0">
  <reporter-output>
  </reporter-output>
  <suite started-at="2023-11-24T18:49:08 IST" name="Default suite" finished-at="2023-11-24T18:50:16 IST" duration-ms="67920">
    <groups>
    </groups>
    <test started-at="2023-11-24T18:49:08 IST" name="Default test" finished-at="2023-11-24T18:50:16 IST" duration-ms="67920">
      <class name="org.Testcases.New_Submission_PA">
        <test-method is-config="true" signature="LanchApplication()[pri:0, instance:org.Testcases.New_Submission_PA@5f9b2141]" started-at="2023-11-24T18:49:08 IST" name="LanchApplication" finished-at="2023-11-24T18:49:17 IST" duration-ms="9141" status="PASS">
          <reporter-output>
          </reporter-output>
        </test-method> <!-- LanchApplication -->
        <test-method signature="new_Submission_PA()[pri:0, instance:org.Testcases.New_Submission_PA@5f9b2141]" started-at="2023-11-24T18:49:17 IST" name="new_Submission_PA" finished-at="2023-11-24T18:50:16 IST" duration-ms="58720" status="PASS">
          <reporter-output>
          </reporter-output>
        </test-method> <!-- new_Submission_PA -->
      </class> <!-- org.Testcases.New_Submission_PA -->
    </test> <!-- Default test -->
  </suite> <!-- Default suite -->
</testng-results>
